TOP.6472d995.000ea523	START
TOP.6472d995.000ea523	folder_config->cwd	C:\Users\DerkeXue\Documents\adir\SUTD\Lab1\week1\lab\homework\q7\1\hashcat-6.2.5
TOP.6472d995.000ea523	folder_config->install_dir	.
TOP.6472d995.000ea523	folder_config->profile_dir	.
TOP.6472d995.000ea523	folder_config->session_dir	.
TOP.6472d995.000ea523	folder_config->shared_dir	.
TOP.6472d995.000ea523	user_options->encoding_from	utf-8
TOP.6472d995.000ea523	user_options->encoding_to	utf-8
TOP.6472d995.000ea523	user_options->outfile	output.txt
TOP.6472d995.000ea523	user_options->rule_buf_l	:
TOP.6472d995.000ea523	user_options->rule_buf_r	:
TOP.6472d995.000ea523	user_options->session	hashcat
TOP.6472d995.000ea523	user_options->separator	:
TOP.6472d995.000ea523	user_options->limit	0
TOP.6472d995.000ea523	user_options->skip	0
TOP.6472d995.000ea523	user_options->attack_mode	0
TOP.6472d995.000ea523	user_options->benchmark	0
TOP.6472d995.000ea523	user_options->benchmark_all	0
TOP.6472d995.000ea523	user_options->bitmap_max	18
TOP.6472d995.000ea523	user_options->bitmap_min	16
TOP.6472d995.000ea523	user_options->debug_mode	0
TOP.6472d995.000ea523	user_options->hash_info	0
TOP.6472d995.000ea523	user_options->force	0
TOP.6472d995.000ea523	user_options->hwmon_disable	0
TOP.6472d995.000ea523	user_options->hwmon_temp_abort	90
TOP.6472d995.000ea523	user_options->hash_mode	1400
TOP.6472d995.000ea523	user_options->hex_charset	0
TOP.6472d995.000ea523	user_options->hex_salt	0
TOP.6472d995.000ea523	user_options->hex_wordlist	0
TOP.6472d995.000ea523	user_options->hook_threads	8
TOP.6472d995.000ea523	user_options->identify	0
TOP.6472d995.000ea523	user_options->increment	0
TOP.6472d995.000ea523	user_options->increment_max	256
TOP.6472d995.000ea523	user_options->increment_min	1
TOP.6472d995.000ea523	user_options->keep_guessing	0
TOP.6472d995.000ea523	user_options->kernel_accel	0
TOP.6472d995.000ea523	user_options->kernel_loops	0
TOP.6472d995.000ea523	user_options->kernel_threads	0
TOP.6472d995.000ea523	user_options->keyspace	0
TOP.6472d995.000ea523	user_options->left	0
TOP.6472d995.000ea523	user_options->logfile_disable	0
TOP.6472d995.000ea523	user_options->loopback	0
TOP.6472d995.000ea523	user_options->machine_readable	0
TOP.6472d995.000ea523	user_options->markov_classic	0
TOP.6472d995.000ea523	user_options->markov_disable	0
TOP.6472d995.000ea523	user_options->markov_inverse	0
TOP.6472d995.000ea523	user_options->markov_threshold	256
TOP.6472d995.000ea523	user_options->multiply_accel_disable	0
TOP.6472d995.000ea523	user_options->backend_info	0
TOP.6472d995.000ea523	user_options->backend_vector_width	0
TOP.6472d995.000ea523	user_options->optimized_kernel_enable	0
TOP.6472d995.000ea523	user_options->outfile_autohex	1
TOP.6472d995.000ea523	user_options->outfile_check_timer	5
TOP.6472d995.000ea523	user_options->outfile_format	3
TOP.6472d995.000ea523	user_options->wordlist_autohex_disable	0
TOP.6472d995.000ea523	user_options->potfile_disable	0
TOP.6472d995.000ea523	user_options->progress_only	0
TOP.6472d995.000ea523	user_options->quiet	0
TOP.6472d995.000ea523	user_options->remove	0
TOP.6472d995.000ea523	user_options->remove_timer	60
TOP.6472d995.000ea523	user_options->restore	0
TOP.6472d995.000ea523	user_options->restore_disable	0
TOP.6472d995.000ea523	user_options->restore_timer	60
TOP.6472d995.000ea523	user_options->rp_files_cnt	0
TOP.6472d995.000ea523	user_options->rp_gen	0
TOP.6472d995.000ea523	user_options->rp_gen_func_max	4
TOP.6472d995.000ea523	user_options->rp_gen_func_min	1
TOP.6472d995.000ea523	user_options->rp_gen_seed	0
TOP.6472d995.000ea523	user_options->runtime	0
TOP.6472d995.000ea523	user_options->scrypt_tmto	0
TOP.6472d995.000ea523	user_options->segment_size	33554432
TOP.6472d995.000ea523	user_options->self_test_disable	0
TOP.6472d995.000ea523	user_options->slow_candidates	0
TOP.6472d995.000ea523	user_options->show	0
TOP.6472d995.000ea523	user_options->speed_only	0
TOP.6472d995.000ea523	user_options->spin_damp	0
TOP.6472d995.000ea523	user_options->status	0
TOP.6472d995.000ea523	user_options->status_json	0
TOP.6472d995.000ea523	user_options->status_timer	10
TOP.6472d995.000ea523	user_options->stdout_flag	0
TOP.6472d995.000ea523	user_options->usage	0
TOP.6472d995.000ea523	user_options->username	0
TOP.6472d995.000ea523	user_options->veracrypt_pim_start	485
TOP.6472d995.000ea523	user_options->veracrypt_pim_stop	485
TOP.6472d995.000ea523	user_options->version	0
TOP.6472d995.000ea523	user_options->workload_profile	2
TOP.6472d995.000ea523	user_options->brain_client	0
TOP.6472d995.000ea523	user_options->brain_client_features	2
TOP.6472d995.000ea523	user_options->brain_server	0
TOP.6472d995.000ea523	user_options->brain_server_timer	300
TOP.6472d995.000ea523	user_options->brain_port	6863
TOP.6472d995.000ea523	user_options->brain_session	0
TOP.6472d995.000ea523	proc_start	1685248405
TOP.6472d995.000ea523	proc_stop	1685248406
TOP.6472d995.000ea523	STOP
TOP.6472d99d.000c0b50	START
TOP.6472d99d.000c0b50	folder_config->cwd	C:\Users\DerkeXue\Documents\adir\SUTD\Lab1\week1\lab\homework\q7\1\hashcat-6.2.5
TOP.6472d99d.000c0b50	folder_config->install_dir	.
TOP.6472d99d.000c0b50	folder_config->profile_dir	.
TOP.6472d99d.000c0b50	folder_config->session_dir	.
TOP.6472d99d.000c0b50	folder_config->shared_dir	.
TOP.6472d99d.000c0b50	user_options->encoding_from	utf-8
TOP.6472d99d.000c0b50	user_options->encoding_to	utf-8
TOP.6472d99d.000c0b50	user_options->outfile	output.txt
TOP.6472d99d.000c0b50	user_options->rule_buf_l	:
TOP.6472d99d.000c0b50	user_options->rule_buf_r	:
TOP.6472d99d.000c0b50	user_options->session	hashcat
TOP.6472d99d.000c0b50	user_options->separator	:
TOP.6472d99d.000c0b50	user_options->limit	0
TOP.6472d99d.000c0b50	user_options->skip	0
TOP.6472d99d.000c0b50	user_options->attack_mode	0
TOP.6472d99d.000c0b50	user_options->benchmark	0
TOP.6472d99d.000c0b50	user_options->benchmark_all	0
TOP.6472d99d.000c0b50	user_options->bitmap_max	18
TOP.6472d99d.000c0b50	user_options->bitmap_min	16
TOP.6472d99d.000c0b50	user_options->debug_mode	0
TOP.6472d99d.000c0b50	user_options->hash_info	0
TOP.6472d99d.000c0b50	user_options->force	0
TOP.6472d99d.000c0b50	user_options->hwmon_disable	0
TOP.6472d99d.000c0b50	user_options->hwmon_temp_abort	90
TOP.6472d99d.000c0b50	user_options->hash_mode	0
TOP.6472d99d.000c0b50	user_options->hex_charset	0
TOP.6472d99d.000c0b50	user_options->hex_salt	0
TOP.6472d99d.000c0b50	user_options->hex_wordlist	0
TOP.6472d99d.000c0b50	user_options->hook_threads	8
TOP.6472d99d.000c0b50	user_options->identify	0
TOP.6472d99d.000c0b50	user_options->increment	0
TOP.6472d99d.000c0b50	user_options->increment_max	256
TOP.6472d99d.000c0b50	user_options->increment_min	1
TOP.6472d99d.000c0b50	user_options->keep_guessing	0
TOP.6472d99d.000c0b50	user_options->kernel_accel	0
TOP.6472d99d.000c0b50	user_options->kernel_loops	0
TOP.6472d99d.000c0b50	user_options->kernel_threads	0
TOP.6472d99d.000c0b50	user_options->keyspace	0
TOP.6472d99d.000c0b50	user_options->left	0
TOP.6472d99d.000c0b50	user_options->logfile_disable	0
TOP.6472d99d.000c0b50	user_options->loopback	0
TOP.6472d99d.000c0b50	user_options->machine_readable	0
TOP.6472d99d.000c0b50	user_options->markov_classic	0
TOP.6472d99d.000c0b50	user_options->markov_disable	0
TOP.6472d99d.000c0b50	user_options->markov_inverse	0
TOP.6472d99d.000c0b50	user_options->markov_threshold	256
TOP.6472d99d.000c0b50	user_options->multiply_accel_disable	0
TOP.6472d99d.000c0b50	user_options->backend_info	0
TOP.6472d99d.000c0b50	user_options->backend_vector_width	0
TOP.6472d99d.000c0b50	user_options->optimized_kernel_enable	0
TOP.6472d99d.000c0b50	user_options->outfile_autohex	1
TOP.6472d99d.000c0b50	user_options->outfile_check_timer	5
TOP.6472d99d.000c0b50	user_options->outfile_format	3
TOP.6472d99d.000c0b50	user_options->wordlist_autohex_disable	0
TOP.6472d99d.000c0b50	user_options->potfile_disable	0
TOP.6472d99d.000c0b50	user_options->progress_only	0
TOP.6472d99d.000c0b50	user_options->quiet	0
TOP.6472d99d.000c0b50	user_options->remove	0
TOP.6472d99d.000c0b50	user_options->remove_timer	60
TOP.6472d99d.000c0b50	user_options->restore	0
TOP.6472d99d.000c0b50	user_options->restore_disable	0
TOP.6472d99d.000c0b50	user_options->restore_timer	60
TOP.6472d99d.000c0b50	user_options->rp_files_cnt	0
TOP.6472d99d.000c0b50	user_options->rp_gen	0
TOP.6472d99d.000c0b50	user_options->rp_gen_func_max	4
TOP.6472d99d.000c0b50	user_options->rp_gen_func_min	1
TOP.6472d99d.000c0b50	user_options->rp_gen_seed	0
TOP.6472d99d.000c0b50	user_options->runtime	0
TOP.6472d99d.000c0b50	user_options->scrypt_tmto	0
TOP.6472d99d.000c0b50	user_options->segment_size	33554432
TOP.6472d99d.000c0b50	user_options->self_test_disable	0
TOP.6472d99d.000c0b50	user_options->slow_candidates	0
TOP.6472d99d.000c0b50	user_options->show	0
TOP.6472d99d.000c0b50	user_options->speed_only	0
TOP.6472d99d.000c0b50	user_options->spin_damp	0
TOP.6472d99d.000c0b50	user_options->status	0
TOP.6472d99d.000c0b50	user_options->status_json	0
TOP.6472d99d.000c0b50	user_options->status_timer	10
TOP.6472d99d.000c0b50	user_options->stdout_flag	0
TOP.6472d99d.000c0b50	user_options->usage	0
TOP.6472d99d.000c0b50	user_options->username	0
TOP.6472d99d.000c0b50	user_options->veracrypt_pim_start	485
TOP.6472d99d.000c0b50	user_options->veracrypt_pim_stop	485
TOP.6472d99d.000c0b50	user_options->version	0
TOP.6472d99d.000c0b50	user_options->workload_profile	2
TOP.6472d99d.000c0b50	user_options->brain_client	0
TOP.6472d99d.000c0b50	user_options->brain_client_features	2
TOP.6472d99d.000c0b50	user_options->brain_server	0
TOP.6472d99d.000c0b50	user_options->brain_server_timer	300
TOP.6472d99d.000c0b50	user_options->brain_port	6863
TOP.6472d99d.000c0b50	user_options->brain_session	0
TOP.6472d99d.000c0b50	hashes->hashfile	q8-hash.txt
TOP.6472d99d.000c0b50	hashes->hashlist_mode	5
TOP.6472d99d.000c0b50	hashes->hashlist_format	0
TOP.6472d99d.000c0b50	hashes->hashes_cnt	0
TOP.6472d99d.000c0b50	hashes->digests_cnt	195
TOP.6472d99d.000c0b50	hashes->digests_done	0
TOP.6472d99d.000c0b50	hashes->salts_cnt	1
TOP.6472d99d.000c0b50	hashes->salts_done	0
TOP.6472d99d.000c0b50	SUB.6472d9a8.00022932	START
TOP.6472d99d.000c0b50	SUB.6472d9a8.00022932	straight_ctx->dict	example.dict
TOP.6472d99d.000c0b50	SUB.6472d9a8.00022932	runtime_start	1685248424
TOP.6472d99d.000c0b50	SUB.6472d9a8.00022932	runtime_stop	1685248424
TOP.6472d99d.000c0b50	SUB.6472d9a8.00022932	status-after-work	5
TOP.6472d99d.000c0b50	SUB.6472d9a8.00022932	STOP
TOP.6472d99d.000c0b50	proc_start	1685248413
TOP.6472d99d.000c0b50	proc_stop	1685248425
TOP.6472d99d.000c0b50	STOP
TOP.6472ef88.000ee0b8	START
TOP.6472ef88.000ee0b8	folder_config->cwd	C:\Users\DerkeXue\Documents\adir\SUTD\Lab1\week1\lab\homework\q7\1\hashcat-6.2.5
TOP.6472ef88.000ee0b8	folder_config->install_dir	.
TOP.6472ef88.000ee0b8	folder_config->profile_dir	.
TOP.6472ef88.000ee0b8	folder_config->session_dir	.
TOP.6472ef88.000ee0b8	folder_config->shared_dir	.
TOP.6472ef88.000ee0b8	user_options->encoding_from	utf-8
TOP.6472ef88.000ee0b8	user_options->encoding_to	utf-8
TOP.6472ef88.000ee0b8	user_options->rule_buf_l	:
TOP.6472ef88.000ee0b8	user_options->rule_buf_r	:
TOP.6472ef88.000ee0b8	user_options->session	hashcat
TOP.6472ef88.000ee0b8	user_options->separator	:
TOP.6472ef88.000ee0b8	user_options->limit	0
TOP.6472ef88.000ee0b8	user_options->skip	0
TOP.6472ef88.000ee0b8	user_options->attack_mode	0
TOP.6472ef88.000ee0b8	user_options->benchmark	0
TOP.6472ef88.000ee0b8	user_options->benchmark_all	0
TOP.6472ef88.000ee0b8	user_options->bitmap_max	18
TOP.6472ef88.000ee0b8	user_options->bitmap_min	16
TOP.6472ef88.000ee0b8	user_options->debug_mode	0
TOP.6472ef88.000ee0b8	user_options->hash_info	0
TOP.6472ef88.000ee0b8	user_options->force	0
TOP.6472ef88.000ee0b8	user_options->hwmon_disable	0
TOP.6472ef88.000ee0b8	user_options->hwmon_temp_abort	90
TOP.6472ef88.000ee0b8	user_options->hash_mode	0
TOP.6472ef88.000ee0b8	user_options->hex_charset	0
TOP.6472ef88.000ee0b8	user_options->hex_salt	0
TOP.6472ef88.000ee0b8	user_options->hex_wordlist	0
TOP.6472ef88.000ee0b8	user_options->hook_threads	8
TOP.6472ef88.000ee0b8	user_options->identify	0
TOP.6472ef88.000ee0b8	user_options->increment	0
TOP.6472ef88.000ee0b8	user_options->increment_max	256
TOP.6472ef88.000ee0b8	user_options->increment_min	1
TOP.6472ef88.000ee0b8	user_options->keep_guessing	0
TOP.6472ef88.000ee0b8	user_options->kernel_accel	0
TOP.6472ef88.000ee0b8	user_options->kernel_loops	0
TOP.6472ef88.000ee0b8	user_options->kernel_threads	0
TOP.6472ef88.000ee0b8	user_options->keyspace	0
TOP.6472ef88.000ee0b8	user_options->left	0
TOP.6472ef88.000ee0b8	user_options->logfile_disable	0
TOP.6472ef88.000ee0b8	user_options->loopback	0
TOP.6472ef88.000ee0b8	user_options->machine_readable	0
TOP.6472ef88.000ee0b8	user_options->markov_classic	0
TOP.6472ef88.000ee0b8	user_options->markov_disable	0
TOP.6472ef88.000ee0b8	user_options->markov_inverse	0
TOP.6472ef88.000ee0b8	user_options->markov_threshold	256
TOP.6472ef88.000ee0b8	user_options->multiply_accel_disable	0
TOP.6472ef88.000ee0b8	user_options->backend_info	0
TOP.6472ef88.000ee0b8	user_options->backend_vector_width	0
TOP.6472ef88.000ee0b8	user_options->optimized_kernel_enable	0
TOP.6472ef88.000ee0b8	user_options->outfile_autohex	1
TOP.6472ef88.000ee0b8	user_options->outfile_check_timer	5
TOP.6472ef88.000ee0b8	user_options->outfile_format	3
TOP.6472ef88.000ee0b8	user_options->wordlist_autohex_disable	0
TOP.6472ef88.000ee0b8	user_options->potfile_disable	0
TOP.6472ef88.000ee0b8	user_options->progress_only	0
TOP.6472ef88.000ee0b8	user_options->quiet	0
TOP.6472ef88.000ee0b8	user_options->remove	0
TOP.6472ef88.000ee0b8	user_options->remove_timer	60
TOP.6472ef88.000ee0b8	user_options->restore	0
TOP.6472ef88.000ee0b8	user_options->restore_disable	0
TOP.6472ef88.000ee0b8	user_options->restore_timer	60
TOP.6472ef88.000ee0b8	user_options->rp_files_cnt	0
TOP.6472ef88.000ee0b8	user_options->rp_gen	0
TOP.6472ef88.000ee0b8	user_options->rp_gen_func_max	4
TOP.6472ef88.000ee0b8	user_options->rp_gen_func_min	1
TOP.6472ef88.000ee0b8	user_options->rp_gen_seed	0
TOP.6472ef88.000ee0b8	user_options->runtime	0
TOP.6472ef88.000ee0b8	user_options->scrypt_tmto	0
TOP.6472ef88.000ee0b8	user_options->segment_size	33554432
TOP.6472ef88.000ee0b8	user_options->self_test_disable	0
TOP.6472ef88.000ee0b8	user_options->slow_candidates	0
TOP.6472ef88.000ee0b8	user_options->show	0
TOP.6472ef88.000ee0b8	user_options->speed_only	0
TOP.6472ef88.000ee0b8	user_options->spin_damp	0
TOP.6472ef88.000ee0b8	user_options->status	0
TOP.6472ef88.000ee0b8	user_options->status_json	0
TOP.6472ef88.000ee0b8	user_options->status_timer	10
TOP.6472ef88.000ee0b8	user_options->stdout_flag	0
TOP.6472ef88.000ee0b8	user_options->usage	0
TOP.6472ef88.000ee0b8	user_options->username	0
TOP.6472ef88.000ee0b8	user_options->veracrypt_pim_start	485
TOP.6472ef88.000ee0b8	user_options->veracrypt_pim_stop	485
TOP.6472ef88.000ee0b8	user_options->version	0
TOP.6472ef88.000ee0b8	user_options->workload_profile	2
TOP.6472ef88.000ee0b8	user_options->brain_client	0
TOP.6472ef88.000ee0b8	user_options->brain_client_features	2
TOP.6472ef88.000ee0b8	user_options->brain_server	0
TOP.6472ef88.000ee0b8	user_options->brain_server_timer	300
TOP.6472ef88.000ee0b8	user_options->brain_port	6863
TOP.6472ef88.000ee0b8	user_options->brain_session	0
TOP.6472ef88.000ee0b8	hashes->hashfile	q8-hash.txt
TOP.6472ef88.000ee0b8	hashes->hashlist_mode	5
TOP.6472ef88.000ee0b8	hashes->hashlist_format	0
TOP.6472ef88.000ee0b8	hashes->hashes_cnt	0
TOP.6472ef88.000ee0b8	hashes->digests_cnt	195
TOP.6472ef88.000ee0b8	hashes->digests_done	27
TOP.6472ef88.000ee0b8	hashes->salts_cnt	1
TOP.6472ef88.000ee0b8	hashes->salts_done	0
TOP.6472ef88.000ee0b8	SUB.6472ef8b.00007aa1	START
TOP.6472ef88.000ee0b8	SUB.6472ef8b.00007aa1	straight_ctx->dict	example.dict
TOP.6472ef88.000ee0b8	SUB.6472ef8b.00007aa1	runtime_start	1685254027
TOP.6472ef88.000ee0b8	SUB.6472ef8b.00007aa1	runtime_stop	1685254027
TOP.6472ef88.000ee0b8	SUB.6472ef8b.00007aa1	status-after-work	5
TOP.6472ef88.000ee0b8	SUB.6472ef8b.00007aa1	STOP
TOP.6472ef88.000ee0b8	proc_start	1685254024
TOP.6472ef88.000ee0b8	proc_stop	1685254028
TOP.6472ef88.000ee0b8	STOP
TOP.6472efb2.000f31c6	START
TOP.6472efb2.000f31c6	folder_config->cwd	C:\Users\DerkeXue\Documents\adir\SUTD\Lab1\week1\lab\homework\q7\1\hashcat-6.2.5
TOP.6472efb2.000f31c6	folder_config->install_dir	.
TOP.6472efb2.000f31c6	folder_config->profile_dir	.
TOP.6472efb2.000f31c6	folder_config->session_dir	.
TOP.6472efb2.000f31c6	folder_config->shared_dir	.
TOP.6472efb2.000f31c6	user_options->encoding_from	utf-8
TOP.6472efb2.000f31c6	user_options->encoding_to	utf-8
TOP.6472efb2.000f31c6	user_options->rule_buf_l	:
TOP.6472efb2.000f31c6	user_options->rule_buf_r	:
TOP.6472efb2.000f31c6	user_options->session	hashcat
TOP.6472efb2.000f31c6	user_options->separator	:
TOP.6472efb2.000f31c6	user_options->limit	0
TOP.6472efb2.000f31c6	user_options->skip	0
TOP.6472efb2.000f31c6	user_options->attack_mode	0
TOP.6472efb2.000f31c6	user_options->benchmark	0
TOP.6472efb2.000f31c6	user_options->benchmark_all	0
TOP.6472efb2.000f31c6	user_options->bitmap_max	18
TOP.6472efb2.000f31c6	user_options->bitmap_min	16
TOP.6472efb2.000f31c6	user_options->debug_mode	0
TOP.6472efb2.000f31c6	user_options->hash_info	0
TOP.6472efb2.000f31c6	user_options->force	0
TOP.6472efb2.000f31c6	user_options->hwmon_disable	0
TOP.6472efb2.000f31c6	user_options->hwmon_temp_abort	90
TOP.6472efb2.000f31c6	user_options->hash_mode	0
TOP.6472efb2.000f31c6	user_options->hex_charset	0
TOP.6472efb2.000f31c6	user_options->hex_salt	0
TOP.6472efb2.000f31c6	user_options->hex_wordlist	0
TOP.6472efb2.000f31c6	user_options->hook_threads	8
TOP.6472efb2.000f31c6	user_options->identify	0
TOP.6472efb2.000f31c6	user_options->increment	0
TOP.6472efb2.000f31c6	user_options->increment_max	256
TOP.6472efb2.000f31c6	user_options->increment_min	1
TOP.6472efb2.000f31c6	user_options->keep_guessing	0
TOP.6472efb2.000f31c6	user_options->kernel_accel	0
TOP.6472efb2.000f31c6	user_options->kernel_loops	0
TOP.6472efb2.000f31c6	user_options->kernel_threads	0
TOP.6472efb2.000f31c6	user_options->keyspace	0
TOP.6472efb2.000f31c6	user_options->left	0
TOP.6472efb2.000f31c6	user_options->logfile_disable	0
TOP.6472efb2.000f31c6	user_options->loopback	0
TOP.6472efb2.000f31c6	user_options->machine_readable	0
TOP.6472efb2.000f31c6	user_options->markov_classic	0
TOP.6472efb2.000f31c6	user_options->markov_disable	0
TOP.6472efb2.000f31c6	user_options->markov_inverse	0
TOP.6472efb2.000f31c6	user_options->markov_threshold	256
TOP.6472efb2.000f31c6	user_options->multiply_accel_disable	0
TOP.6472efb2.000f31c6	user_options->backend_info	0
TOP.6472efb2.000f31c6	user_options->backend_vector_width	0
TOP.6472efb2.000f31c6	user_options->optimized_kernel_enable	1
TOP.6472efb2.000f31c6	user_options->outfile_autohex	1
TOP.6472efb2.000f31c6	user_options->outfile_check_timer	5
TOP.6472efb2.000f31c6	user_options->outfile_format	3
TOP.6472efb2.000f31c6	user_options->wordlist_autohex_disable	0
TOP.6472efb2.000f31c6	user_options->potfile_disable	0
TOP.6472efb2.000f31c6	user_options->progress_only	0
TOP.6472efb2.000f31c6	user_options->quiet	0
TOP.6472efb2.000f31c6	user_options->remove	0
TOP.6472efb2.000f31c6	user_options->remove_timer	60
TOP.6472efb2.000f31c6	user_options->restore	0
TOP.6472efb2.000f31c6	user_options->restore_disable	0
TOP.6472efb2.000f31c6	user_options->restore_timer	60
TOP.6472efb2.000f31c6	user_options->rp_files_cnt	0
TOP.6472efb2.000f31c6	user_options->rp_gen	0
TOP.6472efb2.000f31c6	user_options->rp_gen_func_max	4
TOP.6472efb2.000f31c6	user_options->rp_gen_func_min	1
TOP.6472efb2.000f31c6	user_options->rp_gen_seed	0
TOP.6472efb2.000f31c6	user_options->runtime	0
TOP.6472efb2.000f31c6	user_options->scrypt_tmto	0
TOP.6472efb2.000f31c6	user_options->segment_size	33554432
TOP.6472efb2.000f31c6	user_options->self_test_disable	0
TOP.6472efb2.000f31c6	user_options->slow_candidates	0
TOP.6472efb2.000f31c6	user_options->show	0
TOP.6472efb2.000f31c6	user_options->speed_only	0
TOP.6472efb2.000f31c6	user_options->spin_damp	0
TOP.6472efb2.000f31c6	user_options->status	0
TOP.6472efb2.000f31c6	user_options->status_json	0
TOP.6472efb2.000f31c6	user_options->status_timer	10
TOP.6472efb2.000f31c6	user_options->stdout_flag	0
TOP.6472efb2.000f31c6	user_options->usage	0
TOP.6472efb2.000f31c6	user_options->username	0
TOP.6472efb2.000f31c6	user_options->veracrypt_pim_start	485
TOP.6472efb2.000f31c6	user_options->veracrypt_pim_stop	485
TOP.6472efb2.000f31c6	user_options->version	0
TOP.6472efb2.000f31c6	user_options->workload_profile	2
TOP.6472efb2.000f31c6	user_options->brain_client	0
TOP.6472efb2.000f31c6	user_options->brain_client_features	2
TOP.6472efb2.000f31c6	user_options->brain_server	0
TOP.6472efb2.000f31c6	user_options->brain_server_timer	300
TOP.6472efb2.000f31c6	user_options->brain_port	6863
TOP.6472efb2.000f31c6	user_options->brain_session	0
TOP.6472efb2.000f31c6	hashes->hashfile	q8-hash.txt
TOP.6472efb2.000f31c6	hashes->hashlist_mode	5
TOP.6472efb2.000f31c6	hashes->hashlist_format	0
TOP.6472efb2.000f31c6	hashes->hashes_cnt	0
TOP.6472efb2.000f31c6	hashes->digests_cnt	195
TOP.6472efb2.000f31c6	hashes->digests_done	27
TOP.6472efb2.000f31c6	hashes->salts_cnt	1
TOP.6472efb2.000f31c6	hashes->salts_done	0
TOP.6472efb2.000f31c6	SUB.6472efec.0007f912	START
TOP.6472efb2.000f31c6	SUB.6472efec.0007f912	straight_ctx->dict	example.dict
TOP.6472efb2.000f31c6	SUB.6472efec.0007f912	runtime_start	1685254128
TOP.6472efb2.000f31c6	SUB.6472efec.0007f912	runtime_stop	1685254131
TOP.6472efb2.000f31c6	SUB.6472efec.0007f912	status-after-work	5
TOP.6472efb2.000f31c6	SUB.6472efec.0007f912	STOP
TOP.6472efb2.000f31c6	SUB.6472eff3.0002c96e	START
TOP.6472efb2.000f31c6	SUB.6472eff3.0002c96e	straight_ctx->dict	output.txt
TOP.6472efb2.000f31c6	SUB.6472eff3.0002c96e	runtime_start	1685254132
TOP.6472efb2.000f31c6	SUB.6472eff3.0002c96e	runtime_stop	1685254132
TOP.6472efb2.000f31c6	SUB.6472eff3.0002c96e	status-after-work	5
TOP.6472efb2.000f31c6	SUB.6472eff3.0002c96e	STOP
TOP.6472efb2.000f31c6	proc_start	1685254066
TOP.6472efb2.000f31c6	proc_stop	1685254134
TOP.6472efb2.000f31c6	STOP
